This is pdfTeX, Version 3.1415926-1.40.10 (TeX Live 2009/Debian) (format=pdflatex 2013.9.20)  17 JUL 2014 11:31
entering extended mode
 %&-line parsing enabled.
**"CCP Lab Manual.tex"
(./CCP Lab Manual.tex
LaTeX2e <2009/09/24>
Babel <v3.8l> and hyphenation patterns for english, usenglishmax, dumylang, noh
yphenation, loaded.
(/usr/share/texmf-texlive/tex/latex/base/report.cls
Document Class: report 2007/10/19 v1.4h Standard LaTeX document class
(/usr/share/texmf-texlive/tex/latex/base/size10.clo
File: size10.clo 2007/10/19 v1.4h Standard LaTeX file (size option)
)
\c@part=\count79
\c@chapter=\count80
\c@section=\count81
\c@subsection=\count82
\c@subsubsection=\count83
\c@paragraph=\count84
\c@subparagraph=\count85
\c@figure=\count86
\c@table=\count87
\abovecaptionskip=\skip41
\belowcaptionskip=\skip42
\bibindent=\dimen102
) (./CCP Lab Manual.aux)
\openout1 = `"CCP Lab Manual.aux"'.

LaTeX Font Info:    Checking defaults for OML/cmm/m/it on input line 2.
LaTeX Font Info:    ... okay on input line 2.
LaTeX Font Info:    Checking defaults for T1/cmr/m/n on input line 2.
LaTeX Font Info:    ... okay on input line 2.
LaTeX Font Info:    Checking defaults for OT1/cmr/m/n on input line 2.
LaTeX Font Info:    ... okay on input line 2.
LaTeX Font Info:    Checking defaults for OMS/cmsy/m/n on input line 2.
LaTeX Font Info:    ... okay on input line 2.
LaTeX Font Info:    Checking defaults for OMX/cmex/m/n on input line 2.
LaTeX Font Info:    ... okay on input line 2.
LaTeX Font Info:    Checking defaults for U/cmr/m/n on input line 2.
LaTeX Font Info:    ... okay on input line 2.
LaTeX Font Info:    External font `cmex10' loaded for size
(Font)              <12> on input line 5.
LaTeX Font Info:    External font `cmex10' loaded for size
(Font)              <8> on input line 5.
LaTeX Font Info:    External font `cmex10' loaded for size
(Font)              <6> on input line 5.

[1

{/var/lib/texmf/fonts/map/pdftex/updmap/pdftex.map}] (./CCP Lab Manual.toc)
\tf@toc=\write3
\openout3 = `"CCP Lab Manual.toc"'.


[1

]
Chapter 1.
LaTeX Font Info:    Try loading font information for OT1+ptm on input line 9.
(/usr/share/texmf-texlive/tex/latex/psnfss/ot1ptm.fd
File: ot1ptm.fd 2001/06/04 font definitions for OT1/ptm.
)
LaTeX Font Info:    Font shape `OT1/ptm/bx/n' in size <10> not available
(Font)              Font shape `OT1/ptm/b/n' tried instead on input line 10.

Overfull \hbox (53.99652pt too wide) in paragraph at lines 80--80
[]\OT1/cmtt/m/n/10 /***********************************************************
****************[] 
 []


Overfull \hbox (53.99652pt too wide) in paragraph at lines 80--80
[]\OT1/cmtt/m/n/10 ************************************************************
***************/[] 
 []


Overfull \hbox (53.99652pt too wide) in paragraph at lines 80--80
[]\OT1/cmtt/m/n/10 /***********************************************************
****************[] 
 []


Overfull \hbox (53.99652pt too wide) in paragraph at lines 80--80
[]\OT1/cmtt/m/n/10 ************************************************************
***************/[] 
 []


Overfull \hbox (43.49661pt too wide) in paragraph at lines 80--80
[]\OT1/cmtt/m/n/10 printf("\n**************************************************
***********");[] 
 []


Overfull \hbox (22.4968pt too wide) in paragraph at lines 80--80
[]\OT1/cmtt/m/n/10 printf("\n*\tPROGRAM TO FIND ROOTS OF A QUADRATIC EQUATION\t
    *\n");[] 
 []


Overfull \hbox (32.9967pt too wide) in paragraph at lines 80--80
[]\OT1/cmtt/m/n/10 printf("****************************************************
*********");[] 
 []

[2

]
Overfull \hbox (1.49698pt too wide) in paragraph at lines 80--80
[]\OT1/cmtt/m/n/10 printf("\nInvalid input, not a quadratic equation - try agai
n\n");[] 
 []


Underfull \hbox (badness 10000) in paragraph at lines 89--94

 []

[3]
Underfull \hbox (badness 10000) in paragraph at lines 95--101

 []

[4]
Chapter 2.

Overfull \hbox (53.99652pt too wide) in paragraph at lines 153--153
[]\OT1/cmtt/m/n/10 /***********************************************************
****************[] 
 []


Overfull \hbox (69.74638pt too wide) in paragraph at lines 153--153
[]\OT1/cmtt/m/n/10 *Description: Program to check whether the given integer is 
a Palindrome or not[] 
 []


Overfull \hbox (53.99652pt too wide) in paragraph at lines 153--153
[]\OT1/cmtt/m/n/10 ************************************************************
***************/[] 
 []


Overfull \hbox (53.99652pt too wide) in paragraph at lines 153--153
[]\OT1/cmtt/m/n/10 /***********************************************************
****************[] 
 []


Overfull \hbox (53.99652pt too wide) in paragraph at lines 153--153
[]\OT1/cmtt/m/n/10 ************************************************************
***************/[] 
 []


Overfull \hbox (111.74602pt too wide) in paragraph at lines 153--153
[]\OT1/cmtt/m/n/10 printf("\n**************************************************
************************");[] 
 []


Overfull \hbox (74.99634pt too wide) in paragraph at lines 153--153
[]\OT1/cmtt/m/n/10 printf("\n*\tPROGRAM TO CHECK WHETHER AN INTEGER IS A PALIND
ROME OR NOT\t *\n");[] 
 []


Overfull \hbox (101.24611pt too wide) in paragraph at lines 153--153
[]\OT1/cmtt/m/n/10 printf("****************************************************
**********************");[] 
 []

[5

] [6] (./CCP Lab Manual.aux) ) 
Here is how much of TeX's memory you used:
 301 strings out of 495061
 3435 string characters out of 1182621
 50472 words of memory out of 3000000
 3541 multiletter control sequences out of 15000+50000
 11755 words of font info for 37 fonts, out of 3000000 for 9000
 28 hyphenation exceptions out of 8191
 23i,6n,17p,472b,246s stack positions out of 5000i,500n,10000p,200000b,50000s
{/usr/share/texmf-texlive/fonts/enc/dvips/base/8r
.enc}</usr/share/texmf-texlive/fonts/type1/public/amsfonts/cm/cmbx10.pfb></usr/
share/texmf-texlive/fonts/type1/public/amsfonts/cm/cmbx12.pfb></usr/share/texmf
-texlive/fonts/type1/public/amsfonts/cm/cmr10.pfb></usr/share/texmf-texlive/fon
ts/type1/public/amsfonts/cm/cmr12.pfb></usr/share/texmf-texlive/fonts/type1/pub
lic/amsfonts/cm/cmr17.pfb></usr/share/texmf-texlive/fonts/type1/public/amsfonts
/cm/cmti12.pfb></usr/share/texmf-texlive/fonts/type1/public/amsfonts/cm/cmtt10.
pfb></usr/share/texmf-texlive/fonts/type1/urw/times/utmb8a.pfb>
Output written on "CCP Lab Manual.pdf" (7 pages, 120090 bytes).
PDF statistics:
 59 PDF objects out of 1000 (max. 8388607)
 0 named destinations out of 1000 (max. 500000)
 1 words of extra memory for PDF output out of 10000 (max. 10000000)

