This is pdfTeX, Version 3.1415926-1.40.10 (TeX Live 2009/Debian) (format=pdflatex 2013.9.20)  26 JUL 2014 14:44
entering extended mode
 %&-line parsing enabled.
**CPLM.tex
(./CPLM.tex
LaTeX2e <2009/09/24>
Babel <v3.8l> and hyphenation patterns for english, usenglishmax, dumylang, noh
yphenation, loaded.
(/usr/share/texmf-texlive/tex/latex/base/report.cls
Document Class: report 2007/10/19 v1.4h Standard LaTeX document class
(/usr/share/texmf-texlive/tex/latex/base/size10.clo
File: size10.clo 2007/10/19 v1.4h Standard LaTeX file (size option)
)
\c@part=\count79
\c@chapter=\count80
\c@section=\count81
\c@subsection=\count82
\c@subsubsection=\count83
\c@paragraph=\count84
\c@subparagraph=\count85
\c@figure=\count86
\c@table=\count87
\abovecaptionskip=\skip41
\belowcaptionskip=\skip42
\bibindent=\dimen102
)
(/usr/share/texmf-texlive/tex/latex/fancyvrb/fancyvrb.sty
Package: fancyvrb 2008/02/07

Style option: `fancyvrb' v2.7a, with DG/SPQR fixes, and firstline=lastline fix 
<2008/02/07> (tvz) (/usr/share/texmf-texlive/tex/latex/graphics/keyval.sty
Package: keyval 1999/03/16 v1.13 key=value parser (DPC)
\KV@toks@=\toks14
)
\FV@CodeLineNo=\count88
\FV@InFile=\read1
\FV@TabBox=\box26
\c@FancyVerbLine=\count89
\FV@StepNumber=\count90
\FV@OutFile=\write3
)
(/usr/share/texmf-texlive/tex/latex/geometry/geometry.sty
Package: geometry 2008/12/21 v4.2 Page Geometry

(/usr/share/texmf-texlive/tex/generic/oberdiek/ifpdf.sty
Package: ifpdf 2009/04/10 v2.0 Provides the ifpdf switch (HO)
Package ifpdf Info: pdfTeX in pdf mode detected.
)
(/usr/share/texmf-texlive/tex/generic/oberdiek/ifvtex.sty
Package: ifvtex 2008/11/04 v1.4 Switches for detecting VTeX and its modes (HO)
Package ifvtex Info: VTeX not detected.
)
\Gm@cnth=\count91
\Gm@cntv=\count92
\c@Gm@tempcnt=\count93
\Gm@bindingoffset=\dimen103
\Gm@wd@mp=\dimen104
\Gm@odd@mp=\dimen105
\Gm@even@mp=\dimen106
\Gm@dimlist=\toks15
)
(/usr/share/texmf-texlive/tex/latex/ltxmisc/url.sty
\Urlmuskip=\muskip10
Package: url 2006/04/12  ver 3.3  Verb mode for urls, etc.
) (./CPLM.aux)
\openout1 = `CPLM.aux'.

LaTeX Font Info:    Checking defaults for OML/cmm/m/it on input line 5.
LaTeX Font Info:    ... okay on input line 5.
LaTeX Font Info:    Checking defaults for T1/cmr/m/n on input line 5.
LaTeX Font Info:    ... okay on input line 5.
LaTeX Font Info:    Checking defaults for OT1/cmr/m/n on input line 5.
LaTeX Font Info:    ... okay on input line 5.
LaTeX Font Info:    Checking defaults for OMS/cmsy/m/n on input line 5.
LaTeX Font Info:    ... okay on input line 5.
LaTeX Font Info:    Checking defaults for OMX/cmex/m/n on input line 5.
LaTeX Font Info:    ... okay on input line 5.
LaTeX Font Info:    Checking defaults for U/cmr/m/n on input line 5.
LaTeX Font Info:    ... okay on input line 5.

*geometry auto-detecting driver*
*geometry detected driver: pdftex*
-------------------- Geometry parameters
paper: a4paper
landscape: --
twocolumn: --
twoside: --
asymmetric: --
h-parts: 56.9055pt, 483.69687pt, 56.9055pt
v-parts: 56.9055pt, 731.23584pt, 56.9055pt
hmarginratio: --
vmarginratio: --
lines: --
heightrounded: --
bindingoffset: 0.0pt
truedimen: --
includehead: --
includefoot: --
includemp: --
driver: pdftex
-------------------- Page layout dimensions and switches
\paperwidth  597.50787pt
\paperheight 845.04684pt
\textwidth  483.69687pt
\textheight 731.23584pt
\oddsidemargin  -15.36449pt
\evensidemargin -15.36449pt
\topmargin  -52.36449pt
\headheight 12.0pt
\headsep    25.0pt
\footskip   30.0pt
\marginparwidth 57.0pt
\marginparsep   11.0pt
\columnsep  10.0pt
\skip\footins  9.0pt plus 4.0pt minus 2.0pt
\hoffset 0.0pt
\voffset 0.0pt
\mag 1000

(1in=72.27pt, 1cm=28.45pt)
-----------------------
LaTeX Font Info:    External font `cmex10' loaded for size
(Font)              <12> on input line 8.
LaTeX Font Info:    External font `cmex10' loaded for size
(Font)              <8> on input line 8.
LaTeX Font Info:    External font `cmex10' loaded for size
(Font)              <6> on input line 8.
[1

{/var/lib/texmf/fonts/map/pdftex/updmap/pdftex.map}] (./CPLM.toc)
\tf@toc=\write4
\openout4 = `CPLM.toc'.

 [1

]
Chapter 1.
LaTeX Font Info:    Try loading font information for OT1+pbk on input line 12.
(/usr/share/texmf-texlive/tex/latex/psnfss/ot1pbk.fd
File: ot1pbk.fd 2001/06/04 font definitions for OT1/pbk.
)
LaTeX Font Info:    Font shape `OT1/pbk/m/n' in size <10> not available
(Font)              Font shape `OT1/pbk/l/n' tried instead on input line 12.
LaTeX Font Info:    Font shape `OT1/pbk/bx/n' in size <10> not available
(Font)              Font shape `OT1/pbk/b/n' tried instead on input line 13.
LaTeX Font Info:    Font shape `OT1/pbk/b/n' in size <10> not available
(Font)              Font shape `OT1/pbk/db/n' tried instead on input line 13.
LaTeX Font Info:    External font `cmex10' loaded for size
(Font)              <7> on input line 13.
LaTeX Font Info:    External font `cmex10' loaded for size
(Font)              <5> on input line 13.
Missing character: There is no â in font cmtt10!
Missing character: There is no € in font cmtt10!
Missing character: There is no “ in font cmtt10!
 [2

] [3] [4]
Chapter 2.
[5

]
Chapter 3.
[6

]
Chapter 4.
[7

] (./CPLM.aux) ) 
Here is how much of TeX's memory you used:
 1180 strings out of 495061
 16377 string characters out of 1182621
 68019 words of memory out of 3000000
 4395 multiletter control sequences out of 15000+50000
 11289 words of font info for 38 fonts, out of 3000000 for 9000
 28 hyphenation exceptions out of 8191
 24i,7n,32p,531b,329s stack positions out of 5000i,500n,10000p,200000b,50000s
{/usr/share/texmf-texlive/fonts/enc/dvips/base/8r.enc}</usr/sha
re/texmf-texlive/fonts/type1/public/amsfonts/cm/cmbx10.pfb></usr/share/texmf-te
xlive/fonts/type1/public/amsfonts/cm/cmbx12.pfb></usr/share/texmf-texlive/fonts
/type1/public/amsfonts/cm/cmmi10.pfb></usr/share/texmf-texlive/fonts/type1/publ
ic/amsfonts/cm/cmr10.pfb></usr/share/texmf-texlive/fonts/type1/public/amsfonts/
cm/cmr12.pfb></usr/share/texmf-texlive/fonts/type1/public/amsfonts/cm/cmr17.pfb
></usr/share/texmf-texlive/fonts/type1/public/amsfonts/cm/cmr7.pfb></usr/share/
texmf-texlive/fonts/type1/public/amsfonts/cm/cmsy10.pfb></usr/share/texmf-texli
ve/fonts/type1/public/amsfonts/cm/cmti12.pfb></usr/share/texmf-texlive/fonts/ty
pe1/public/amsfonts/cm/cmtt10.pfb></usr/share/texmf-texlive/fonts/type1/public/
amsfonts/cm/cmtt12.pfb></usr/share/texmf-texlive/fonts/type1/urw/bookman/ubkd8a
.pfb>
Output written on CPLM.pdf (8 pages, 154535 bytes).
PDF statistics:
 78 PDF objects out of 1000 (max. 8388607)
 0 named destinations out of 1000 (max. 500000)
 1 words of extra memory for PDF output out of 10000 (max. 10000000)

